<?xml version="1.0" encoding="UTF-8"?>
<!-- Generated by org.testng.reporters.JUnitXMLReporter -->
<testsuite ignored="0" hostname="DESKTOP-BHC7RI0" failures="0" tests="2" name="BankingApp Test" time="42.846" errors="0" timestamp="2025-11-12T12:54:36 IST">
  <testcase classname="com.inetbanking.testCases.TC_LoginTest_001" name="loginTest" time="3.626"/>
  <testcase classname="com.inetbanking.testCases.TC_AddCustomerTest_003" name="addNewCustomer" time="16.553"/>
</testsuite> <!-- BankingApp Test -->
