<?xml version="1.0" encoding="UTF-8"?>
<testng-results ignored="0" total="2" passed="2" failed="0" skipped="0">
  <reporter-output>
  </reporter-output>
  <suite started-at="2025-11-12T12:53:52 IST" name="inetBankingV1 Suite" finished-at="2025-11-12T12:54:35 IST" duration-ms="42846">
    <groups>
    </groups>
    <test started-at="2025-11-12T12:53:52 IST" name="BankingApp Test" finished-at="2025-11-12T12:54:35 IST" duration-ms="42846">
      <class name="com.inetbanking.testCases.TC_LoginTest_001">
        <test-method is-config="true" signature="setup(java.lang.String)[pri:0, instance:com.inetbanking.testCases.TC_LoginTest_001@223191a6]" started-at="2025-11-12T12:53:53 IST" name="setup" finished-at="2025-11-12T12:54:06 IST" duration-ms="13395" status="PASS">
          <params>
            <param index="0">
              <value>
                <![CDATA[chrome]]>
              </value>
            </param>
          </params>
          <reporter-output>
          </reporter-output>
        </test-method> <!-- setup -->
        <test-method signature="loginTest()[pri:0, instance:com.inetbanking.testCases.TC_LoginTest_001@223191a6]" started-at="2025-11-12T12:54:06 IST" name="loginTest" finished-at="2025-11-12T12:54:10 IST" duration-ms="3626" status="PASS">
          <reporter-output>
          </reporter-output>
        </test-method> <!-- loginTest -->
        <test-method is-config="true" signature="tearDown()[pri:0, instance:com.inetbanking.testCases.TC_LoginTest_001@223191a6]" started-at="2025-11-12T12:54:10 IST" name="tearDown" finished-at="2025-11-12T12:54:10 IST" duration-ms="478" status="PASS">
          <reporter-output>
          </reporter-output>
        </test-method> <!-- tearDown -->
      </class> <!-- com.inetbanking.testCases.TC_LoginTest_001 -->
      <class name="com.inetbanking.testCases.TC_AddCustomerTest_003">
        <test-method is-config="true" signature="setup(java.lang.String)[pri:0, instance:com.inetbanking.testCases.TC_AddCustomerTest_003@59662a0b]" started-at="2025-11-12T12:54:10 IST" name="setup" finished-at="2025-11-12T12:54:16 IST" duration-ms="5921" status="PASS">
          <params>
            <param index="0">
              <value>
                <![CDATA[chrome]]>
              </value>
            </param>
          </params>
          <reporter-output>
          </reporter-output>
        </test-method> <!-- setup -->
        <test-method signature="addNewCustomer()[pri:0, instance:com.inetbanking.testCases.TC_AddCustomerTest_003@59662a0b]" started-at="2025-11-12T12:54:16 IST" name="addNewCustomer" finished-at="2025-11-12T12:54:33 IST" duration-ms="16553" status="PASS">
          <reporter-output>
          </reporter-output>
        </test-method> <!-- addNewCustomer -->
        <test-method is-config="true" signature="tearDown()[pri:0, instance:com.inetbanking.testCases.TC_AddCustomerTest_003@59662a0b]" started-at="2025-11-12T12:54:33 IST" name="tearDown" finished-at="2025-11-12T12:54:35 IST" duration-ms="2102" status="PASS">
          <reporter-output>
          </reporter-output>
        </test-method> <!-- tearDown -->
      </class> <!-- com.inetbanking.testCases.TC_AddCustomerTest_003 -->
    </test> <!-- BankingApp Test -->
  </suite> <!-- inetBankingV1 Suite -->
</testng-results>
