<?xml version="1.0" encoding="UTF-8"?>
<testng-results ignored="0" total="2" passed="2" failed="0" skipped="0">
  <reporter-output>
  </reporter-output>
  <suite started-at="2025-11-12T10:15:00 IST" name="inetBankingV1 Suite" finished-at="2025-11-12T10:15:51 IST" duration-ms="51647">
    <groups>
    </groups>
    <test started-at="2025-11-12T10:15:00 IST" name="BankingApp Test" finished-at="2025-11-12T10:15:51 IST" duration-ms="51647">
      <class name="com.inetbanking.testCases.TC_LoginTest_001">
        <test-method is-config="true" signature="setup(java.lang.String)[pri:0, instance:com.inetbanking.testCases.TC_LoginTest_001@302552ec]" started-at="2025-11-12T10:15:01 IST" name="setup" finished-at="2025-11-12T10:15:11 IST" duration-ms="10078" status="PASS">
          <params>
            <param index="0">
              <value>
                <![CDATA[chrome]]>
              </value>
            </param>
          </params>
          <reporter-output>
          </reporter-output>
        </test-method> <!-- setup -->
        <test-method signature="loginTest()[pri:0, instance:com.inetbanking.testCases.TC_LoginTest_001@302552ec]" started-at="2025-11-12T10:15:11 IST" name="loginTest" finished-at="2025-11-12T10:15:13 IST" duration-ms="2475" status="PASS">
          <reporter-output>
          </reporter-output>
        </test-method> <!-- loginTest -->
        <test-method is-config="true" signature="tearDown()[pri:0, instance:com.inetbanking.testCases.TC_LoginTest_001@302552ec]" started-at="2025-11-12T10:15:13 IST" name="tearDown" finished-at="2025-11-12T10:15:14 IST" duration-ms="828" status="PASS">
          <reporter-output>
          </reporter-output>
        </test-method> <!-- tearDown -->
      </class> <!-- com.inetbanking.testCases.TC_LoginTest_001 -->
      <class name="com.inetbanking.testCases.TC_AddCustomerTest_003">
        <test-method is-config="true" signature="setup(java.lang.String)[pri:0, instance:com.inetbanking.testCases.TC_AddCustomerTest_003@ba2f4ec]" started-at="2025-11-12T10:15:14 IST" name="setup" finished-at="2025-11-12T10:15:25 IST" duration-ms="10280" status="PASS">
          <params>
            <param index="0">
              <value>
                <![CDATA[chrome]]>
              </value>
            </param>
          </params>
          <reporter-output>
          </reporter-output>
        </test-method> <!-- setup -->
        <test-method signature="addNewCustomer()[pri:0, instance:com.inetbanking.testCases.TC_AddCustomerTest_003@ba2f4ec]" started-at="2025-11-12T10:15:25 IST" name="addNewCustomer" finished-at="2025-11-12T10:15:47 IST" duration-ms="22634" status="PASS">
          <reporter-output>
          </reporter-output>
        </test-method> <!-- addNewCustomer -->
        <test-method is-config="true" signature="tearDown()[pri:0, instance:com.inetbanking.testCases.TC_AddCustomerTest_003@ba2f4ec]" started-at="2025-11-12T10:15:47 IST" name="tearDown" finished-at="2025-11-12T10:15:51 IST" duration-ms="4316" status="PASS">
          <reporter-output>
          </reporter-output>
        </test-method> <!-- tearDown -->
      </class> <!-- com.inetbanking.testCases.TC_AddCustomerTest_003 -->
    </test> <!-- BankingApp Test -->
  </suite> <!-- inetBankingV1 Suite -->
</testng-results>
